<?xml version="1.0" encoding="UTF-8"?>
<testsuite xmlns:xsi="http://www.w3.org/2001/XMLSchema-instance" xsi:noNamespaceSchemaLocation="https://maven.apache.org/surefire/maven-surefire-plugin/xsd/surefire-test-report.xsd" name="EMPTY_NAME" time="229.558" tests="16" errors="0" skipped="10" failures="2">
  <properties>
[...]
</properties>
  <testcase name="Verification of the ability to update a teacher" classname="EMPTY_NAME" time="0.002"/>
  <testcase name="Changing Name and department of the teacher" classname="EMPTY_NAME" time="0">
    <skipped message="The step &quot;user should click on the all teachers button&quot; is undefined"/>
    <system-err><![CDATA[SLF4J: Failed to load class "org.slf4j.impl.StaticLoggerBinder".
SLF4J: Defaulting to no-operation (NOP) logger implementation
SLF4J: See http://www.slf4j.org/codes.html#StaticLoggerBinder for further details.
Starting ChromeDriver 80.0.3987.106 (f68069574609230cf9b635cd784cfb1bf81bb53a-refs/branch-heads/3987@{#882}) on port 47736
Only local connections are allowed.
Please protect ports used by ChromeDriver and related test frameworks to prevent access by malicious code.
Mar 09, 2020 5:39:45 PM org.openqa.selenium.remote.ProtocolHandshake createSession
INFO: Detected dialect: W3C
[1583793585.613][SEVERE]: Timed out receiving message from renderer: 0.100
[1583793585.716][SEVERE]: Timed out receiving message from renderer: 0.100
[1583793585.818][SEVERE]: Timed out receiving message from renderer: 0.100
[1583793585.920][SEVERE]: Timed out receiving message from renderer: 0.100
[1583793586.022][SEVERE]: Timed out receiving message from renderer: 0.100
[1583793586.123][SEVERE]: Timed out receiving message from renderer: 0.100
[1583793586.225][SEVERE]: Timed out receiving message from renderer: 0.100
[1583793586.327][SEVERE]: Timed out receiving message from renderer: 0.100
[1583793586.429][SEVERE]: Timed out receiving message from renderer: 0.100
[1583793586.531][SEVERE]: Timed out receiving message from renderer: 0.100
[1583793586.634][SEVERE]: Timed out receiving message from renderer: 0.100
[1583793586.735][SEVERE]: Timed out receiving message from renderer: 0.100
[1583793586.837][SEVERE]: Timed out receiving message from renderer: 0.100
[1583793586.938][SEVERE]: Timed out receiving message from renderer: 0.100
[1583793587.039][SEVERE]: Timed out receiving message from renderer: 0.100
[1583793587.140][SEVERE]: Timed out receiving message from renderer: 0.100
[1583793587.243][SEVERE]: Timed out receiving message from renderer: 0.100
[1583793587.345][SEVERE]: Timed out receiving message from renderer: 0.100
[1583793587.446][SEVERE]: Timed out receiving message from renderer: 0.100
[1583793587.548][SEVERE]: Timed out receiving message from renderer: 0.100
[1583793587.685][SEVERE]: Timed out receiving message from renderer: 0.100
[1583793588.028][SEVERE]: Timed out receiving message from renderer: 0.100
[1583793589.064][SEVERE]: Timed out receiving message from renderer: 0.100
[1583793691.044][SEVERE]: Timed out receiving message from renderer: 0.100
[1583793732.824][SEVERE]: Timed out receiving message from renderer: 0.100
[1583793769.931][SEVERE]: Timed out receiving message from renderer: 0.100
[1583793770.033][SEVERE]: Timed out receiving message from renderer: 0.100
[1583793770.165][SEVERE]: Timed out receiving message from renderer: 0.100
[1583793775.080][SEVERE]: Timed out receiving message from renderer: 0.100
[1583793805.345][SEVERE]: Timed out receiving message from renderer: 0.100
]]></system-err>
  </testcase>
  <testcase name="Changing Name and department of the teacher" classname="EMPTY_NAME" time="0">
    <skipped message="The step &quot;user shoudl be able to see added teachers&quot; is undefined"/>
  </testcase>
  <testcase name="Changing Name and department of the teacher" classname="EMPTY_NAME" time="0">
    <skipped message="The step &quot;user should clicks on the three dots sighn&quot; is undefined"/>
  </testcase>
  <testcase name="Changing Name and department of the teacher" classname="EMPTY_NAME" time="0">
    <skipped message="The step &quot;user should click on the edit button&quot; is undefined"/>
  </testcase>
  <testcase name="Changing Name and department of the teacher" classname="EMPTY_NAME" time="0">
    <skipped message="The step &quot;user should verify the edit teacher header&quot; is undefined"/>
  </testcase>
  <testcase name="Changing Name and department of the teacher" classname="EMPTY_NAME" time="0">
    <skipped message="The step &quot;user should update the &quot;Albert&quot; of the teacher&quot; is undefined"/>
  </testcase>
  <testcase name="Changing Name and department of the teacher" classname="EMPTY_NAME" time="0">
    <skipped message="The step &quot;user should update the &quot;Math&quot; of the teacher&quot; is undefined"/>
  </testcase>
  <testcase name="Changing Name and department of the teacher" classname="EMPTY_NAME" time="0">
    <skipped message="The step &quot;user should handle the pop-up message&quot; is undefined"/>
  </testcase>
  <testcase name="Changing Name and department of the teacher" classname="EMPTY_NAME" time="0">
    <skipped message="The step &quot;user should verify updated information on UI&quot; is undefined"/>
  </testcase>
  <testcase name="Changing Name and department of the teacher" classname="EMPTY_NAME" time="0">
    <skipped message="The step &quot;user should compare updated information in database with UI&quot; is undefined"/>
  </testcase>
  <testcase name="Verification of the ability to delete a teacher" classname="EMPTY_NAME" time="99.07"/>
  <testcase name="Verification of the ability to create a student" classname="EMPTY_NAME" time="44.823">
    <failure type="java.lang.AssertionError">java.lang.AssertionError
</failure>
    <system-out><![CDATA[Lionel
Lionel
6771
6771
{FIRST_NAME=Lionel, LAST_NAME=Messi, EMAIL=messi@gmail.com, JOIN_DATE=01/01/2010, PASSWORD=123, SUBJECT=Math, MOBILE_NUMBER=3124756521, GENDER=Male, ADMISSION_NO=10, BIRTH_DATE=01/01/1990, MAJOR=Football, BATCH=10, SECTION=LaLigA, PREMANENT_ADDRESS=921 W Huron St., COMPANY_NAME=Barcelona, TITLE=Goat, START_DATE=01/02/2010, CITY=Barcelona, STREET=Huron, ZIP_CODE=60742, STATE=IL}
01/01/2010
[{JOIN_DATE=01/01/2010, BIRTH_DATE=01/01/1990, FIRST_NAME=Lionel}]

{FIRST_NAME=Lionel, LAST_NAME=Messi, EMAIL=messi@gmail.com, JOIN_DATE=01/01/2010, PASSWORD=123, SUBJECT=Math, MOBILE_NUMBER=3124756521, GENDER=Male, ADMISSION_NO=10, BIRTH_DATE=01/01/1990, MAJOR=Football, BATCH=10, SECTION=LaLigA, PREMANENT_ADDRESS=921 W Huron St., COMPANY_NAME=Barcelona, TITLE=Goat, START_DATE=01/02/2010, CITY=Barcelona, STREET=Huron, ZIP_CODE=60742, STATE=IL}
[JOIN_DATE, BIRTH_DATE, FIRST_NAME]
01/01/2010
]]></system-out>
  </testcase>
  <testcase name="Verification of the ability to update a student" classname="EMPTY_NAME" time="37.111">
    <failure message="TEST FAILED expected:&lt;[]Phyliss&gt; but was:&lt;[John]Phyliss&gt;" type="org.junit.ComparisonFailure"><![CDATA[org.junit.ComparisonFailure: TEST FAILED expected:<[]Phyliss> but was:<[John]Phyliss>
]]></failure>
  </testcase>
  <testcase name="Verification of the ability to delete a student" classname="EMPTY_NAME" time="35.293"/>
  <testcase name="Verification of the ability to create a teacher" classname="EMPTY_NAME" time="8.006"/>
</testsuite>